# JRE version: Java(TM) SE Runtime Environment 18.9 (11.0.12+8) (build 11.0.12+8-LTS-237)
# Java VM: Java HotSpot(TM) 64-Bit Server VM 18.9 (11.0.12+8-LTS-237, mixed mode, tiered, compressed oops, g1 gc, windows-amd64)
Heap:
 garbage-first heap   total 262144K, used 134631K [0x0000000701800000, 0x0000000800000000)
  region size 1024K, 81 young (82944K), 8 survivors (8192K)
 Metaspace       used 30374K, capacity 30939K, committed 31024K, reserved 1077248K
  class space    used 3237K, capacity 3427K, committed 3456K, reserved 1048576K
GC Heap History (10 events):
Event: 1.095 GC heap before
{Heap before GC invocations=0 (full 0):
 garbage-first heap   total 262144K, used 13312K [0x0000000701800000, 0x0000000800000000)
  region size 1024K, 14 young (14336K), 0 survivors (0K)
 Metaspace       used 11329K, capacity 11617K, committed 11648K, reserved 1060864K
  class space    used 1060K, capacity 1134K, committed 1152K, reserved 1048576K
}
Event: 1.101 GC heap after
{Heap after GC invocations=1 (full 0):
 garbage-first heap   total 262144K, used 3456K [0x0000000701800000, 0x0000000800000000)
  region size 1024K, 2 young (2048K), 2 survivors (2048K)
 Metaspace       used 11329K, capacity 11617K, committed 11648K, reserved 1060864K
  class space    used 1060K, capacity 1134K, committed 1152K, reserved 1048576K
}
Event: 1.399 GC heap before
{Heap before GC invocations=1 (full 0):
 garbage-first heap   total 262144K, used 13696K [0x0000000701800000, 0x0000000800000000)
  region size 1024K, 12 young (12288K), 2 survivors (2048K)
 Metaspace       used 13357K, capacity 13613K, committed 13696K, reserved 1060864K
  class space    used 1332K, capacity 1394K, committed 1408K, reserved 1048576K
}
Event: 1.402 GC heap after
{Heap after GC invocations=2 (full 0):
 garbage-first heap   total 262144K, used 4046K [0x0000000701800000, 0x0000000800000000)
  region size 1024K, 1 young (1024K), 1 survivors (1024K)
 Metaspace       used 13357K, capacity 13613K, committed 13696K, reserved 1060864K
  class space    used 1332K, capacity 1394K, committed 1408K, reserved 1048576K
}
Event: 2.065 GC heap before
{Heap before GC invocations=2 (full 0):
 garbage-first heap   total 262144K, used 33742K [0x0000000701800000, 0x0000000800000000)
  region size 1024K, 30 young (30720K), 1 survivors (1024K)
 Metaspace       used 16657K, capacity 16996K, committed 17280K, reserved 1064960K
  class space    used 1745K, capacity 1857K, committed 1920K, reserved 1048576K
}
Event: 2.069 GC heap after
{Heap after GC invocations=3 (full 0):
 garbage-first heap   total 262144K, used 5050K [0x0000000701800000, 0x0000000800000000)
  region size 1024K, 2 young (2048K), 2 survivors (2048K)
 Metaspace       used 16657K, capacity 16996K, committed 17280K, reserved 1064960K
  class space    used 1745K, capacity 1857K, committed 1920K, reserved 1048576K
}
Event: 3.135 GC heap before
{Heap before GC invocations=3 (full 0):
 garbage-first heap   total 262144K, used 31674K [0x0000000701800000, 0x0000000800000000)
  region size 1024K, 29 young (29696K), 2 survivors (2048K)
 Metaspace       used 20826K, capacity 21161K, committed 21296K, reserved 1069056K
  class space    used 2224K, capacity 2357K, committed 2432K, reserved 1048576K
}
Event: 3.147 GC heap after
{Heap after GC invocations=4 (full 0):
 garbage-first heap   total 262144K, used 7583K [0x0000000701800000, 0x0000000800000000)
  region size 1024K, 5 young (5120K), 5 survivors (5120K)
 Metaspace       used 20826K, capacity 21161K, committed 21296K, reserved 1069056K
  class space    used 2224K, capacity 2357K, committed 2432K, reserved 1048576K
}
Event: 5.213 GC heap before
{Heap before GC invocations=5 (full 0):
 garbage-first heap   total 262144K, used 65951K [0x0000000701800000, 0x0000000800000000)
  region size 1024K, 62 young (63488K), 5 survivors (5120K)
 Metaspace       used 22109K, capacity 22535K, committed 22832K, reserved 1069056K
  class space    used 2281K, capacity 2428K, committed 2432K, reserved 1048576K
}
Event: 5.224 GC heap after
{Heap after GC invocations=6 (full 0):
 garbage-first heap   total 262144K, used 11751K [0x0000000701800000, 0x0000000800000000)
  region size 1024K, 8 young (8192K), 8 survivors (8192K)
 Metaspace       used 22109K, capacity 22535K, committed 22832K, reserved 1069056K
  class space    used 2281K, capacity 2428K, committed 2432K, reserved 1048576K
}

